# JRE version: OpenJDK Runtime Environment (8.0_152) (build 1.8.0_152-release-1343-b16-5323222)
# Java VM: OpenJDK 64-Bit Server VM (25.152-b16-5323222 mixed mode linux-amd64 compressed oops)
Heap:
 PSYoungGen      total 345088K, used 345064K [0x00000000e0000000, 0x00000000fa780000, 0x0000000100000000)
  eden space 287744K, 100% used [0x00000000e0000000,0x00000000f1900000,0x00000000f1900000)
  from space 57344K, 99% used [0x00000000f5a80000,0x00000000f927a088,0x00000000f9280000)
  to   space 67072K, 37% used [0x00000000f1900000,0x00000000f3174060,0x00000000f5a80000)
 ParOldGen       total 425472K, used 67012K [0x00000000a0000000, 0x00000000b9f80000, 0x00000000e0000000)
  object space 425472K, 15% used [0x00000000a0000000,0x00000000a41710b8,0x00000000b9f80000)
 Metaspace       used 121730K, capacity 129937K, committed 130344K, reserved 1163264K
  class space    used 14697K, capacity 16019K, committed 16168K, reserved 1048576K
GC Heap History (10 events):
Event: 50438.831 GC heap after
Heap after GC invocations=129 (full 17):
 PSYoungGen      total 293888K, used 33231K [0x00000000e0000000, 0x00000000f5900000, 0x0000000100000000)
  eden space 256000K, 0% used [0x00000000e0000000,0x00000000e0000000,0x00000000efa00000)
  from space 37888K, 87% used [0x00000000f2300000,0x00000000f4373dd8,0x00000000f4800000)
  to   space 41984K, 0% used [0x00000000efa00000,0x00000000efa00000,0x00000000f2300000)
 ParOldGen       total 425472K, used 59148K [0x00000000a0000000, 0x00000000b9f80000, 0x00000000e0000000)
  object space 425472K, 13% used [0x00000000a0000000,0x00000000a39c3168,0x00000000b9f80000)
 Metaspace       used 121592K, capacity 129761K, committed 130088K, reserved 1163264K
  class space    used 14692K, capacity 16013K, committed 16168K, reserved 1048576K
}
Event: 50439.698 GC heap before
{Heap before GC invocations=130 (full 17):
 PSYoungGen      total 293888K, used 289231K [0x00000000e0000000, 0x00000000f5900000, 0x0000000100000000)
  eden space 256000K, 100% used [0x00000000e0000000,0x00000000efa00000,0x00000000efa00000)
  from space 37888K, 87% used [0x00000000f2300000,0x00000000f4373dd8,0x00000000f4800000)
  to   space 41984K, 0% used [0x00000000efa00000,0x00000000efa00000,0x00000000f2300000)
 ParOldGen       total 425472K, used 59148K [0x00000000a0000000, 0x00000000b9f80000, 0x00000000e0000000)
  object space 425472K, 13% used [0x00000000a0000000,0x00000000a39c3168,0x00000000b9f80000)
 Metaspace       used 121621K, capacity 129853K, committed 130344K, reserved 1163264K
  class space    used 14693K, capacity 16015K, committed 16168K, reserved 1048576K
Event: 50439.754 GC heap after
Heap after GC invocations=130 (full 17):
 PSYoungGen      total 297984K, used 37136K [0x00000000e0000000, 0x00000000f6a00000, 0x0000000100000000)
  eden space 256000K, 0% used [0x00000000e0000000,0x00000000e0000000,0x00000000efa00000)
  from space 41984K, 88% used [0x00000000efa00000,0x00000000f1e44070,0x00000000f2300000)
  to   space 46592K, 0% used [0x00000000f3c80000,0x00000000f3c80000,0x00000000f6a00000)
 ParOldGen       total 425472K, used 59156K [0x00000000a0000000, 0x00000000b9f80000, 0x00000000e0000000)
  object space 425472K, 13% used [0x00000000a0000000,0x00000000a39c5168,0x00000000b9f80000)
 Metaspace       used 121621K, capacity 129853K, committed 130344K, reserved 1163264K
  class space    used 14693K, capacity 16015K, committed 16168K, reserved 1048576K
}
Event: 50440.837 GC heap before
{Heap before GC invocations=131 (full 17):
 PSYoungGen      total 297984K, used 292928K [0x00000000e0000000, 0x00000000f6a00000, 0x0000000100000000)
  eden space 256000K, 99% used [0x00000000e0000000,0x00000000ef9cc0c8,0x00000000efa00000)
  from space 41984K, 88% used [0x00000000efa00000,0x00000000f1e44070,0x00000000f2300000)
  to   space 46592K, 0% used [0x00000000f3c80000,0x00000000f3c80000,0x00000000f6a00000)
 ParOldGen       total 425472K, used 59156K [0x00000000a0000000, 0x00000000b9f80000, 0x00000000e0000000)
  object space 425472K, 13% used [0x00000000a0000000,0x00000000a39c5168,0x00000000b9f80000)
 Metaspace       used 121704K, capacity 129937K, committed 130344K, reserved 1163264K
  class space    used 14697K, capacity 16019K, committed 16168K, reserved 1048576K
Event: 50440.884 GC heap after
Heap after GC invocations=131 (full 17):
 PSYoungGen      total 314880K, used 46568K [0x00000000e0000000, 0x00000000f7f00000, 0x0000000100000000)
  eden space 268288K, 0% used [0x00000000e0000000,0x00000000e0000000,0x00000000f0600000)
  from space 46592K, 99% used [0x00000000f3c80000,0x00000000f69fa168,0x00000000f6a00000)
  to   space 55808K, 0% used [0x00000000f0600000,0x00000000f0600000,0x00000000f3c80000)
 ParOldGen       total 425472K, used 64276K [0x00000000a0000000, 0x00000000b9f80000, 0x00000000e0000000)
  object space 425472K, 15% used [0x00000000a0000000,0x00000000a3ec5110,0x00000000b9f80000)
 Metaspace       used 121704K, capacity 129937K, committed 130344K, reserved 1163264K
  class space    used 14697K, capacity 16019K, committed 16168K, reserved 1048576K
}
Event: 50441.422 GC heap before
{Heap before GC invocations=132 (full 17):
 PSYoungGen      total 314880K, used 314856K [0x00000000e0000000, 0x00000000f7f00000, 0x0000000100000000)
  eden space 268288K, 100% used [0x00000000e0000000,0x00000000f0600000,0x00000000f0600000)
  from space 46592K, 99% used [0x00000000f3c80000,0x00000000f69fa168,0x00000000f6a00000)
  to   space 55808K, 0% used [0x00000000f0600000,0x00000000f0600000,0x00000000f3c80000)
 ParOldGen       total 425472K, used 64276K [0x00000000a0000000, 0x00000000b9f80000, 0x00000000e0000000)
  object space 425472K, 15% used [0x00000000a0000000,0x00000000a3ec5110,0x00000000b9f80000)
 Metaspace       used 121706K, capacity 129937K, committed 130344K, reserved 1163264K
  class space    used 14697K, capacity 16019K, committed 16168K, reserved 1048576K
Event: 50441.452 GC heap after
Heap after GC invocations=132 (full 17):
 PSYoungGen      total 324096K, used 36185K [0x00000000e0000000, 0x00000000f9280000, 0x0000000100000000)
  eden space 268288K, 0% used [0x00000000e0000000,0x00000000e0000000,0x00000000f0600000)
  from space 55808K, 64% used [0x00000000f0600000,0x00000000f2956658,0x00000000f3c80000)
  to   space 57344K, 0% used [0x00000000f5a80000,0x00000000f5a80000,0x00000000f9280000)
 ParOldGen       total 425472K, used 64284K [0x00000000a0000000, 0x00000000b9f80000, 0x00000000e0000000)
  object space 425472K, 15% used [0x00000000a0000000,0x00000000a3ec7110,0x00000000b9f80000)
 Metaspace       used 121706K, capacity 129937K, committed 130344K, reserved 1163264K
  class space    used 14697K, capacity 16019K, committed 16168K, reserved 1048576K
}
Event: 50442.247 GC heap before
{Heap before GC invocations=133 (full 17):
 PSYoungGen      total 324096K, used 304473K [0x00000000e0000000, 0x00000000f9280000, 0x0000000100000000)
  eden space 268288K, 100% used [0x00000000e0000000,0x00000000f0600000,0x00000000f0600000)
  from space 55808K, 64% used [0x00000000f0600000,0x00000000f2956658,0x00000000f3c80000)
  to   space 57344K, 0% used [0x00000000f5a80000,0x00000000f5a80000,0x00000000f9280000)
 ParOldGen       total 425472K, used 64284K [0x00000000a0000000, 0x00000000b9f80000, 0x00000000e0000000)
  object space 425472K, 15% used [0x00000000a0000000,0x00000000a3ec7110,0x00000000b9f80000)
 Metaspace       used 121709K, capacity 129937K, committed 130344K, reserved 1163264K
  class space    used 14697K, capacity 16019K, committed 16168K, reserved 1048576K
Event: 50442.293 GC heap after
Heap after GC invocations=133 (full 17):
 PSYoungGen      total 345088K, used 57320K [0x00000000e0000000, 0x00000000fa780000, 0x0000000100000000)
  eden space 287744K, 0% used [0x00000000e0000000,0x00000000e0000000,0x00000000f1900000)
  from space 57344K, 99% used [0x00000000f5a80000,0x00000000f927a088,0x00000000f9280000)
  to   space 67072K, 0% used [0x00000000f1900000,0x00000000f1900000,0x00000000f5a80000)
 ParOldGen       total 425472K, used 66940K [0x00000000a0000000, 0x00000000b9f80000, 0x00000000e0000000)
  object space 425472K, 15% used [0x00000000a0000000,0x00000000a415f0b8,0x00000000b9f80000)
 Metaspace       used 121709K, capacity 129937K, committed 130344K, reserved 1163264K
  class space    used 14697K, capacity 16019K, committed 16168K, reserved 1048576K
}
Event: 50517.468 GC heap before
{Heap before GC invocations=134 (full 17):
 PSYoungGen      total 345088K, used 345064K [0x00000000e0000000, 0x00000000fa780000, 0x0000000100000000)
  eden space 287744K, 100% used [0x00000000e0000000,0x00000000f1900000,0x00000000f1900000)
  from space 57344K, 99% used [0x00000000f5a80000,0x00000000f927a088,0x00000000f9280000)
  to   space 67072K, 0% used [0x00000000f1900000,0x00000000f1900000,0x00000000f5a80000)
 ParOldGen       total 425472K, used 66940K [0x00000000a0000000, 0x00000000b9f80000, 0x00000000e0000000)
  object space 425472K, 15% used [0x00000000a0000000,0x00000000a415f0b8,0x00000000b9f80000)
 Metaspace       used 121730K, capacity 129937K, committed 130344K, reserved 1163264K
  class space    used 14697K, capacity 16019K, committed 16168K, reserved 1048576K

